{"C:\\Users\\Reid Brostoff\\Documents\\GitHub\\RateMyRestroom\\apis\\api.js": {"path":"C:\\Users\\Reid Brostoff\\Documents\\GitHub\\RateMyRestroom\\apis\\api.js","statementMap":{"0":{"start":{"line":9,"column":0},"end":{"line":9,"column":38}},"1":{"start":{"line":10,"column":19},"end":{"line":10,"column":27}},"2":{"start":{"line":11,"column":13},"end":{"line":11,"column":25}},"3":{"start":{"line":12,"column":18},"end":{"line":12,"column":35}},"4":{"start":{"line":15,"column":2},"end":{"line":15,"column":58}},"5":{"start":{"line":16,"column":2},"end":{"line":21,"column":3}},"6":{"start":{"line":17,"column":17},"end":{"line":17,"column":39}},"7":{"start":{"line":18,"column":4},"end":{"line":18,"column":31}},"8":{"start":{"line":20,"column":4},"end":{"line":20,"column":49}},"9":{"start":{"line":25,"column":2},"end":{"line":25,"column":58}},"10":{"start":{"line":26,"column":2},"end":{"line":34,"column":3}},"11":{"start":{"line":27,"column":4},"end":{"line":29,"column":7}},"12":{"start":{"line":30,"column":4},"end":{"line":30,"column":15}},"13":{"start":{"line":32,"column":4},"end":{"line":32,"column":49}},"14":{"start":{"line":33,"column":4},"end":{"line":33,"column":16}},"15":{"start":{"line":38,"column":19},"end":{"line":38,"column":21}},"16":{"start":{"line":39,"column":2},"end":{"line":39,"column":40}},"17":{"start":{"line":40,"column":2},"end":{"line":48,"column":3}},"18":{"start":{"line":41,"column":4},"end":{"line":41,"column":42}},"19":{"start":{"line":42,"column":4},"end":{"line":44,"column":6}},"20":{"start":{"line":43,"column":6},"end":{"line":43,"column":33}},"21":{"start":{"line":45,"column":4},"end":{"line":45,"column":21}},"22":{"start":{"line":47,"column":4},"end":{"line":47,"column":49}},"23":{"start":{"line":53,"column":2},"end":{"line":53,"column":58}},"24":{"start":{"line":54,"column":2},"end":{"line":54,"column":43}},"25":{"start":{"line":55,"column":2},"end":{"line":66,"column":3}},"26":{"start":{"line":56,"column":4},"end":{"line":61,"column":6}},"27":{"start":{"line":62,"column":4},"end":{"line":62,"column":15}},"28":{"start":{"line":64,"column":4},"end":{"line":64,"column":49}},"29":{"start":{"line":65,"column":4},"end":{"line":65,"column":16}},"30":{"start":{"line":70,"column":2},"end":{"line":85,"column":3}},"31":{"start":{"line":71,"column":4},"end":{"line":71,"column":48}},"32":{"start":{"line":72,"column":16},"end":{"line":72,"column":135}},"33":{"start":{"line":73,"column":16},"end":{"line":73,"column":32}},"34":{"start":{"line":74,"column":4},"end":{"line":80,"column":5}},"35":{"start":{"line":75,"column":6},"end":{"line":75,"column":16}},"36":{"start":{"line":77,"column":9},"end":{"line":80,"column":5}},"37":{"start":{"line":81,"column":4},"end":{"line":81,"column":15}},"38":{"start":{"line":84,"column":4},"end":{"line":84,"column":49}},"39":{"start":{"line":89,"column":2},"end":{"line":103,"column":3}},"40":{"start":{"line":91,"column":4},"end":{"line":91,"column":64}},"41":{"start":{"line":94,"column":24},"end":{"line":94,"column":40}},"42":{"start":{"line":95,"column":4},"end":{"line":100,"column":6}},"43":{"start":{"line":102,"column":4},"end":{"line":102,"column":49}},"44":{"start":{"line":107,"column":2},"end":{"line":112,"column":3}},"45":{"start":{"line":108,"column":4},"end":{"line":108,"column":59}},"46":{"start":{"line":111,"column":4},"end":{"line":111,"column":49}},"47":{"start":{"line":116,"column":2},"end":{"line":122,"column":3}},"48":{"start":{"line":117,"column":4},"end":{"line":117,"column":23}},"49":{"start":{"line":118,"column":4},"end":{"line":118,"column":15}},"50":{"start":{"line":120,"column":4},"end":{"line":120,"column":49}},"51":{"start":{"line":121,"column":4},"end":{"line":121,"column":16}}},"fnMap":{"0":{"name":"getFavorite","decl":{"start":{"line":14,"column":22},"end":{"line":14,"column":33}},"loc":{"start":{"line":14,"column":36},"end":{"line":22,"column":1}},"line":14},"1":{"name":"setFavorite","decl":{"start":{"line":24,"column":22},"end":{"line":24,"column":33}},"loc":{"start":{"line":24,"column":44},"end":{"line":35,"column":1}},"line":24},"2":{"name":"loadMarkers","decl":{"start":{"line":37,"column":22},"end":{"line":37,"column":33}},"loc":{"start":{"line":37,"column":36},"end":{"line":49,"column":1}},"line":37},"3":{"name":"(anonymous_3)","decl":{"start":{"line":42,"column":23},"end":{"line":42,"column":24}},"loc":{"start":{"line":42,"column":30},"end":{"line":44,"column":5}},"line":42},"4":{"name":"sendMarkerToDatabase","decl":{"start":{"line":51,"column":22},"end":{"line":51,"column":42}},"loc":{"start":{"line":51,"column":51},"end":{"line":67,"column":1}},"line":51},"5":{"name":"getCoordsFromAddress","decl":{"start":{"line":69,"column":22},"end":{"line":69,"column":42}},"loc":{"start":{"line":69,"column":52},"end":{"line":86,"column":1}},"line":69},"6":{"name":"registration","decl":{"start":{"line":88,"column":22},"end":{"line":88,"column":34}},"loc":{"start":{"line":88,"column":73},"end":{"line":104,"column":1}},"line":88},"7":{"name":"signIn","decl":{"start":{"line":106,"column":22},"end":{"line":106,"column":28}},"loc":{"start":{"line":106,"column":46},"end":{"line":113,"column":1}},"line":106},"8":{"name":"loggingOut","decl":{"start":{"line":115,"column":22},"end":{"line":115,"column":32}},"loc":{"start":{"line":115,"column":35},"end":{"line":123,"column":1}},"line":115}},"branchMap":{"0":{"loc":{"start":{"line":74,"column":4},"end":{"line":80,"column":5}},"type":"if","locations":[{"start":{"line":74,"column":4},"end":{"line":80,"column":5}},{"start":{"line":77,"column":9},"end":{"line":80,"column":5}}],"line":74},"1":{"loc":{"start":{"line":77,"column":9},"end":{"line":80,"column":5}},"type":"if","locations":[{"start":{"line":77,"column":9},"end":{"line":80,"column":5}},{"start":{"line":79,"column":9},"end":{"line":80,"column":5}}],"line":77}},"s":{"0":1,"1":1,"2":1,"3":1,"4":0,"5":0,"6":0,"7":0,"8":0,"9":0,"10":0,"11":0,"12":0,"13":0,"14":0,"15":0,"16":0,"17":0,"18":0,"19":0,"20":0,"21":0,"22":0,"23":0,"24":0,"25":0,"26":0,"27":0,"28":0,"29":0,"30":0,"31":0,"32":0,"33":0,"34":0,"35":0,"36":0,"37":0,"38":0,"39":0,"40":0,"41":0,"42":0,"43":0,"44":0,"45":0,"46":0,"47":0,"48":0,"49":0,"50":0,"51":0},"f":{"0":0,"1":0,"2":0,"3":0,"4":0,"5":0,"6":0,"7":0,"8":0},"b":{"0":[0,0],"1":[0,0]},"_coverageSchema":"1a1c01bbd47fc00a2c39e90264f33305004495a9","hash":"aa50dd3e051bcac562b3e9ca76a50301576f5d86"}
,"C:\\Users\\Reid Brostoff\\Documents\\GitHub\\RateMyRestroom\\components\\AddMarker\\AddMarker.js": {"path":"C:\\Users\\Reid Brostoff\\Documents\\GitHub\\RateMyRestroom\\components\\AddMarker\\AddMarker.js","statementMap":{"0":{"start":{"line":9,"column":34},"end":{"line":9,"column":46}},"1":{"start":{"line":10,"column":28},"end":{"line":10,"column":43}},"2":{"start":{"line":11,"column":30},"end":{"line":11,"column":44}},"3":{"start":{"line":12,"column":30},"end":{"line":12,"column":40}},"4":{"start":{"line":13,"column":36},"end":{"line":13,"column":51}},"5":{"start":{"line":15,"column":19},"end":{"line":67,"column":6}},"6":{"start":{"line":69,"column":25},"end":{"line":90,"column":5}},"7":{"start":{"line":71,"column":24},"end":{"line":71,"column":26}},"8":{"start":{"line":72,"column":8},"end":{"line":88,"column":9}},"9":{"start":{"line":73,"column":12},"end":{"line":76,"column":13}},"10":{"start":{"line":74,"column":16},"end":{"line":74,"column":54}},"11":{"start":{"line":75,"column":16},"end":{"line":75,"column":22}},"12":{"start":{"line":77,"column":24},"end":{"line":77,"column":59}},"13":{"start":{"line":78,"column":12},"end":{"line":83,"column":13}},"14":{"start":{"line":78,"column":25},"end":{"line":78,"column":26}},"15":{"start":{"line":79,"column":16},"end":{"line":82,"column":18}},"16":{"start":{"line":84,"column":12},"end":{"line":84,"column":31}},"17":{"start":{"line":85,"column":12},"end":{"line":85,"column":29}},"18":{"start":{"line":87,"column":12},"end":{"line":87,"column":60}},"19":{"start":{"line":92,"column":31},"end":{"line":96,"column":5}},"20":{"start":{"line":93,"column":8},"end":{"line":95,"column":10}},"21":{"start":{"line":99,"column":4},"end":{"line":125,"column":6}},"22":{"start":{"line":106,"column":43},"end":{"line":106,"column":62}}},"fnMap":{"0":{"name":"AddMarker","decl":{"start":{"line":8,"column":24},"end":{"line":8,"column":33}},"loc":{"start":{"line":8,"column":50},"end":{"line":126,"column":1}},"line":8},"1":{"name":"(anonymous_1)","decl":{"start":{"line":69,"column":25},"end":{"line":69,"column":26}},"loc":{"start":{"line":69,"column":37},"end":{"line":90,"column":5}},"line":69},"2":{"name":"(anonymous_2)","decl":{"start":{"line":92,"column":31},"end":{"line":92,"column":32}},"loc":{"start":{"line":92,"column":37},"end":{"line":96,"column":5}},"line":92},"3":{"name":"(anonymous_3)","decl":{"start":{"line":106,"column":30},"end":{"line":106,"column":31}},"loc":{"start":{"line":106,"column":43},"end":{"line":106,"column":62}},"line":106}},"branchMap":{"0":{"loc":{"start":{"line":73,"column":12},"end":{"line":76,"column":13}},"type":"if","locations":[{"start":{"line":73,"column":12},"end":{"line":76,"column":13}},{"start":{},"end":{}}],"line":73},"1":{"loc":{"start":{"line":108,"column":13},"end":{"line":115,"column":25}},"type":"cond-expr","locations":[{"start":{"line":109,"column":16},"end":{"line":115,"column":18}},{"start":{"line":115,"column":21},"end":{"line":115,"column":25}}],"line":108},"2":{"loc":{"start":{"line":119,"column":13},"end":{"line":122,"column":35}},"type":"cond-expr","locations":[{"start":{"line":119,"column":29},"end":{"line":119,"column":33}},{"start":{"line":120,"column":16},"end":{"line":122,"column":35}}],"line":119}},"s":{"0":0,"1":0,"2":0,"3":0,"4":0,"5":0,"6":0,"7":0,"8":0,"9":0,"10":0,"11":0,"12":0,"13":0,"14":0,"15":0,"16":0,"17":0,"18":0,"19":0,"20":0,"21":0,"22":0},"f":{"0":0,"1":0,"2":0,"3":0},"b":{"0":[0,0],"1":[0,0],"2":[0,0]},"_coverageSchema":"1a1c01bbd47fc00a2c39e90264f33305004495a9","hash":"492acd86e9d1a3cfb837a10f8775185a0365f5dd"}
,"C:\\Users\\Reid Brostoff\\Documents\\GitHub\\RateMyRestroom\\components\\AddMarker\\DescribeMarker.js": {"path":"C:\\Users\\Reid Brostoff\\Documents\\GitHub\\RateMyRestroom\\components\\AddMarker\\DescribeMarker.js","statementMap":{"0":{"start":{"line":8,"column":28},"end":{"line":8,"column":40}},"1":{"start":{"line":9,"column":32},"end":{"line":9,"column":43}},"2":{"start":{"line":10,"column":42},"end":{"line":10,"column":54}},"3":{"start":{"line":11,"column":28},"end":{"line":11,"column":43}},"4":{"start":{"line":13,"column":19},"end":{"line":56,"column":6}},"5":{"start":{"line":58,"column":21},"end":{"line":67,"column":5}},"6":{"start":{"line":59,"column":24},"end":{"line":59,"column":26}},"7":{"start":{"line":60,"column":8},"end":{"line":65,"column":9}},"8":{"start":{"line":60,"column":21},"end":{"line":60,"column":22}},"9":{"start":{"line":61,"column":12},"end":{"line":64,"column":14}},"10":{"start":{"line":66,"column":8},"end":{"line":66,"column":24}},"11":{"start":{"line":69,"column":29},"end":{"line":88,"column":5}},"12":{"start":{"line":70,"column":8},"end":{"line":73,"column":9}},"13":{"start":{"line":71,"column":12},"end":{"line":71,"column":53}},"14":{"start":{"line":72,"column":12},"end":{"line":72,"column":18}},"15":{"start":{"line":74,"column":25},"end":{"line":79,"column":9}},"16":{"start":{"line":80,"column":23},"end":{"line":80,"column":59}},"17":{"start":{"line":81,"column":8},"end":{"line":86,"column":9}},"18":{"start":{"line":82,"column":12},"end":{"line":82,"column":40}},"19":{"start":{"line":85,"column":12},"end":{"line":85,"column":68}},"20":{"start":{"line":87,"column":8},"end":{"line":87,"column":40}},"21":{"start":{"line":90,"column":4},"end":{"line":121,"column":5}},"22":{"start":{"line":98,"column":39},"end":{"line":98,"column":52}},"23":{"start":{"line":115,"column":46},"end":{"line":115,"column":73}}},"fnMap":{"0":{"name":"DescribeMarker","decl":{"start":{"line":7,"column":24},"end":{"line":7,"column":38}},"loc":{"start":{"line":7,"column":60},"end":{"line":122,"column":1}},"line":7},"1":{"name":"(anonymous_1)","decl":{"start":{"line":58,"column":21},"end":{"line":58,"column":22}},"loc":{"start":{"line":58,"column":27},"end":{"line":67,"column":5}},"line":58},"2":{"name":"(anonymous_2)","decl":{"start":{"line":69,"column":29},"end":{"line":69,"column":30}},"loc":{"start":{"line":69,"column":41},"end":{"line":88,"column":5}},"line":69},"3":{"name":"(anonymous_3)","decl":{"start":{"line":98,"column":29},"end":{"line":98,"column":30}},"loc":{"start":{"line":98,"column":39},"end":{"line":98,"column":52}},"line":98},"4":{"name":"(anonymous_4)","decl":{"start":{"line":115,"column":29},"end":{"line":115,"column":30}},"loc":{"start":{"line":115,"column":46},"end":{"line":115,"column":73}},"line":115}},"branchMap":{"0":{"loc":{"start":{"line":70,"column":8},"end":{"line":73,"column":9}},"type":"if","locations":[{"start":{"line":70,"column":8},"end":{"line":73,"column":9}},{"start":{},"end":{}}],"line":70},"1":{"loc":{"start":{"line":70,"column":12},"end":{"line":70,"column":58}},"type":"binary-expr","locations":[{"start":{"line":70,"column":12},"end":{"line":70,"column":22}},{"start":{"line":70,"column":26},"end":{"line":70,"column":37}},{"start":{"line":70,"column":41},"end":{"line":70,"column":58}}],"line":70},"2":{"loc":{"start":{"line":81,"column":8},"end":{"line":86,"column":9}},"type":"if","locations":[{"start":{"line":81,"column":8},"end":{"line":86,"column":9}},{"start":{"line":84,"column":13},"end":{"line":86,"column":9}}],"line":81}},"s":{"0":0,"1":0,"2":0,"3":0,"4":0,"5":0,"6":0,"7":0,"8":0,"9":0,"10":0,"11":0,"12":0,"13":0,"14":0,"15":0,"16":0,"17":0,"18":0,"19":0,"20":0,"21":0,"22":0,"23":0},"f":{"0":0,"1":0,"2":0,"3":0,"4":0},"b":{"0":[0,0],"1":[0,0,0],"2":[0,0]},"_coverageSchema":"1a1c01bbd47fc00a2c39e90264f33305004495a9","hash":"b9f8fcc35e9af2fe30fe8c3276481621f6d4836b"}
,"C:\\Users\\Reid Brostoff\\Documents\\GitHub\\RateMyRestroom\\components\\Dashboard\\dashboard.js": {"path":"C:\\Users\\Reid Brostoff\\Documents\\GitHub\\RateMyRestroom\\components\\Dashboard\\dashboard.js","statementMap":{"0":{"start":{"line":10,"column":36},"end":{"line":10,"column":48}},"1":{"start":{"line":12,"column":2},"end":{"line":31,"column":4}},"2":{"start":{"line":14,"column":4},"end":{"line":14,"column":18}},"3":{"start":{"line":15,"column":4},"end":{"line":15,"column":33}},"4":{"start":{"line":16,"column":4},"end":{"line":16,"column":23}},"5":{"start":{"line":17,"column":4},"end":{"line":17,"column":59}},"6":{"start":{"line":20,"column":19},"end":{"line":20,"column":40}},"7":{"start":{"line":21,"column":8},"end":{"line":27,"column":9}},"8":{"start":{"line":22,"column":12},"end":{"line":22,"column":47}},"9":{"start":{"line":25,"column":26},"end":{"line":25,"column":37}},"10":{"start":{"line":26,"column":12},"end":{"line":26,"column":43}},"11":{"start":{"line":30,"column":4},"end":{"line":30,"column":18}},"12":{"start":{"line":33,"column":22},"end":{"line":36,"column":3}},"13":{"start":{"line":34,"column":4},"end":{"line":34,"column":17}},"14":{"start":{"line":35,"column":4},"end":{"line":35,"column":34}},"15":{"start":{"line":38,"column":24},"end":{"line":40,"column":3}},"16":{"start":{"line":39,"column":4},"end":{"line":39,"column":30}},"17":{"start":{"line":42,"column":26},"end":{"line":44,"column":3}},"18":{"start":{"line":43,"column":4},"end":{"line":43,"column":37}},"19":{"start":{"line":46,"column":31},"end":{"line":48,"column":3}},"20":{"start":{"line":47,"column":4},"end":{"line":47,"column":42}},"21":{"start":{"line":51,"column":2},"end":{"line":77,"column":3}},"22":{"start":{"line":81,"column":15},"end":{"line":199,"column":2}}},"fnMap":{"0":{"name":"Dashboard","decl":{"start":{"line":9,"column":24},"end":{"line":9,"column":33}},"loc":{"start":{"line":9,"column":50},"end":{"line":78,"column":1}},"line":9},"1":{"name":"(anonymous_1)","decl":{"start":{"line":12,"column":12},"end":{"line":12,"column":13}},"loc":{"start":{"line":12,"column":18},"end":{"line":31,"column":3}},"line":12},"2":{"name":"getUserInfo","decl":{"start":{"line":19,"column":19},"end":{"line":19,"column":30}},"loc":{"start":{"line":19,"column":33},"end":{"line":28,"column":5}},"line":19},"3":{"name":"(anonymous_3)","decl":{"start":{"line":33,"column":22},"end":{"line":33,"column":23}},"loc":{"start":{"line":33,"column":28},"end":{"line":36,"column":3}},"line":33},"4":{"name":"(anonymous_4)","decl":{"start":{"line":38,"column":24},"end":{"line":38,"column":25}},"loc":{"start":{"line":38,"column":30},"end":{"line":40,"column":3}},"line":38},"5":{"name":"(anonymous_5)","decl":{"start":{"line":42,"column":26},"end":{"line":42,"column":27}},"loc":{"start":{"line":42,"column":32},"end":{"line":44,"column":3}},"line":42},"6":{"name":"(anonymous_6)","decl":{"start":{"line":46,"column":31},"end":{"line":46,"column":32}},"loc":{"start":{"line":46,"column":37},"end":{"line":48,"column":3}},"line":46}},"branchMap":{"0":{"loc":{"start":{"line":21,"column":8},"end":{"line":27,"column":9}},"type":"if","locations":[{"start":{"line":21,"column":8},"end":{"line":27,"column":9}},{"start":{"line":24,"column":13},"end":{"line":27,"column":9}}],"line":21}},"s":{"0":0,"1":0,"2":0,"3":0,"4":0,"5":0,"6":0,"7":0,"8":0,"9":0,"10":0,"11":0,"12":0,"13":0,"14":0,"15":0,"16":0,"17":0,"18":0,"19":0,"20":0,"21":0,"22":1},"f":{"0":0,"1":0,"2":0,"3":0,"4":0,"5":0,"6":0},"b":{"0":[0,0]},"_coverageSchema":"1a1c01bbd47fc00a2c39e90264f33305004495a9","hash":"5a747cb9dccde818c6d08fd46fca2ea40ff4291a"}
,"C:\\Users\\Reid Brostoff\\Documents\\GitHub\\RateMyRestroom\\components\\SelectFavorite\\SelectFavorite.js": {"path":"C:\\Users\\Reid Brostoff\\Documents\\GitHub\\RateMyRestroom\\components\\SelectFavorite\\SelectFavorite.js","statementMap":{"0":{"start":{"line":8,"column":28},"end":{"line":8,"column":43}},"1":{"start":{"line":9,"column":30},"end":{"line":9,"column":42}},"2":{"start":{"line":10,"column":30},"end":{"line":10,"column":44}},"3":{"start":{"line":11,"column":34},"end":{"line":11,"column":49}},"4":{"start":{"line":13,"column":4},"end":{"line":35,"column":6}},"5":{"start":{"line":15,"column":12},"end":{"line":28,"column":13}},"6":{"start":{"line":16,"column":35},"end":{"line":16,"column":54}},"7":{"start":{"line":17,"column":31},"end":{"line":17,"column":33}},"8":{"start":{"line":18,"column":16},"end":{"line":24,"column":17}},"9":{"start":{"line":18,"column":29},"end":{"line":18,"column":30}},"10":{"start":{"line":19,"column":20},"end":{"line":19,"column":89}},"11":{"start":{"line":20,"column":20},"end":{"line":23,"column":22}},"12":{"start":{"line":25,"column":16},"end":{"line":25,"column":34}},"13":{"start":{"line":31,"column":8},"end":{"line":34,"column":9}},"14":{"start":{"line":32,"column":12},"end":{"line":32,"column":33}},"15":{"start":{"line":33,"column":12},"end":{"line":33,"column":28}},"16":{"start":{"line":37,"column":19},"end":{"line":75,"column":6}},"17":{"start":{"line":77,"column":27},"end":{"line":90,"column":5}},"18":{"start":{"line":78,"column":8},"end":{"line":81,"column":9}},"19":{"start":{"line":79,"column":12},"end":{"line":79,"column":50}},"20":{"start":{"line":80,"column":12},"end":{"line":80,"column":18}},"21":{"start":{"line":82,"column":24},"end":{"line":82,"column":48}},"22":{"start":{"line":83,"column":8},"end":{"line":88,"column":9}},"23":{"start":{"line":84,"column":12},"end":{"line":84,"column":40}},"24":{"start":{"line":87,"column":12},"end":{"line":87,"column":69}},"25":{"start":{"line":89,"column":8},"end":{"line":89,"column":40}},"26":{"start":{"line":92,"column":28},"end":{"line":97,"column":5}},"27":{"start":{"line":93,"column":8},"end":{"line":96,"column":9}},"28":{"start":{"line":93,"column":21},"end":{"line":93,"column":22}},"29":{"start":{"line":94,"column":12},"end":{"line":95,"column":37}},"30":{"start":{"line":95,"column":16},"end":{"line":95,"column":37}},"31":{"start":{"line":99,"column":4},"end":{"line":115,"column":5}}},"fnMap":{"0":{"name":"SelectFavorite","decl":{"start":{"line":7,"column":24},"end":{"line":7,"column":38}},"loc":{"start":{"line":7,"column":55},"end":{"line":116,"column":1}},"line":7},"1":{"name":"(anonymous_1)","decl":{"start":{"line":13,"column":14},"end":{"line":13,"column":15}},"loc":{"start":{"line":13,"column":20},"end":{"line":35,"column":5}},"line":13},"2":{"name":"fetchMarkersGetList","decl":{"start":{"line":14,"column":23},"end":{"line":14,"column":42}},"loc":{"start":{"line":14,"column":45},"end":{"line":30,"column":9}},"line":14},"3":{"name":"(anonymous_3)","decl":{"start":{"line":77,"column":27},"end":{"line":77,"column":28}},"loc":{"start":{"line":77,"column":39},"end":{"line":90,"column":5}},"line":77},"4":{"name":"(anonymous_4)","decl":{"start":{"line":92,"column":28},"end":{"line":92,"column":29}},"loc":{"start":{"line":92,"column":37},"end":{"line":97,"column":5}},"line":92}},"branchMap":{"0":{"loc":{"start":{"line":31,"column":8},"end":{"line":34,"column":9}},"type":"if","locations":[{"start":{"line":31,"column":8},"end":{"line":34,"column":9}},{"start":{},"end":{}}],"line":31},"1":{"loc":{"start":{"line":78,"column":8},"end":{"line":81,"column":9}},"type":"if","locations":[{"start":{"line":78,"column":8},"end":{"line":81,"column":9}},{"start":{},"end":{}}],"line":78},"2":{"loc":{"start":{"line":83,"column":8},"end":{"line":88,"column":9}},"type":"if","locations":[{"start":{"line":83,"column":8},"end":{"line":88,"column":9}},{"start":{"line":86,"column":13},"end":{"line":88,"column":9}}],"line":83},"3":{"loc":{"start":{"line":94,"column":12},"end":{"line":95,"column":37}},"type":"if","locations":[{"start":{"line":94,"column":12},"end":{"line":95,"column":37}},{"start":{},"end":{}}],"line":94},"4":{"loc":{"start":{"line":109,"column":30},"end":{"line":109,"column":97}},"type":"cond-expr","locations":[{"start":{"line":109,"column":46},"end":{"line":109,"column":72}},{"start":{"line":109,"column":75},"end":{"line":109,"column":97}}],"line":109}},"s":{"0":0,"1":0,"2":0,"3":0,"4":0,"5":0,"6":0,"7":0,"8":0,"9":0,"10":0,"11":0,"12":0,"13":0,"14":0,"15":0,"16":0,"17":0,"18":0,"19":0,"20":0,"21":0,"22":0,"23":0,"24":0,"25":0,"26":0,"27":0,"28":0,"29":0,"30":0,"31":0},"f":{"0":0,"1":0,"2":0,"3":0,"4":0},"b":{"0":[0,0],"1":[0,0],"2":[0,0],"3":[0,0],"4":[0,0]},"_coverageSchema":"1a1c01bbd47fc00a2c39e90264f33305004495a9","hash":"d1ec7b317dc27dbca037e282f6e4383c5714ceaa"}
,"C:\\Users\\Reid Brostoff\\Documents\\GitHub\\RateMyRestroom\\components\\SignIn\\SignIn.js": {"path":"C:\\Users\\Reid Brostoff\\Documents\\GitHub\\RateMyRestroom\\components\\SignIn\\SignIn.js","statementMap":{"0":{"start":{"line":7,"column":28},"end":{"line":7,"column":40}},"1":{"start":{"line":8,"column":34},"end":{"line":8,"column":46}},"2":{"start":{"line":10,"column":22},"end":{"line":31,"column":3}},"3":{"start":{"line":11,"column":4},"end":{"line":14,"column":5}},"4":{"start":{"line":12,"column":6},"end":{"line":12,"column":46}},"5":{"start":{"line":13,"column":6},"end":{"line":13,"column":12}},"6":{"start":{"line":16,"column":4},"end":{"line":19,"column":5}},"7":{"start":{"line":17,"column":6},"end":{"line":17,"column":49}},"8":{"start":{"line":18,"column":6},"end":{"line":18,"column":12}},"9":{"start":{"line":21,"column":4},"end":{"line":25,"column":5}},"10":{"start":{"line":22,"column":6},"end":{"line":22,"column":30}},"11":{"start":{"line":24,"column":6},"end":{"line":24,"column":12}},"12":{"start":{"line":27,"column":4},"end":{"line":27,"column":35}},"13":{"start":{"line":28,"column":4},"end":{"line":28,"column":17}},"14":{"start":{"line":29,"column":4},"end":{"line":29,"column":20}},"15":{"start":{"line":33,"column":2},"end":{"line":62,"column":4}},"16":{"start":{"line":44,"column":33},"end":{"line":44,"column":48}},"17":{"start":{"line":54,"column":36},"end":{"line":54,"column":57}},"18":{"start":{"line":65,"column":15},"end":{"line":149,"column":2}}},"fnMap":{"0":{"name":"SignIn","decl":{"start":{"line":6,"column":24},"end":{"line":6,"column":30}},"loc":{"start":{"line":6,"column":45},"end":{"line":63,"column":1}},"line":6},"1":{"name":"(anonymous_1)","decl":{"start":{"line":10,"column":22},"end":{"line":10,"column":23}},"loc":{"start":{"line":10,"column":28},"end":{"line":31,"column":3}},"line":10},"2":{"name":"(anonymous_2)","decl":{"start":{"line":44,"column":22},"end":{"line":44,"column":23}},"loc":{"start":{"line":44,"column":33},"end":{"line":44,"column":48}},"line":44},"3":{"name":"(anonymous_3)","decl":{"start":{"line":54,"column":22},"end":{"line":54,"column":23}},"loc":{"start":{"line":54,"column":36},"end":{"line":54,"column":57}},"line":54}},"branchMap":{"0":{"loc":{"start":{"line":11,"column":4},"end":{"line":14,"column":5}},"type":"if","locations":[{"start":{"line":11,"column":4},"end":{"line":14,"column":5}},{"start":{},"end":{}}],"line":11},"1":{"loc":{"start":{"line":16,"column":4},"end":{"line":19,"column":5}},"type":"if","locations":[{"start":{"line":16,"column":4},"end":{"line":19,"column":5}},{"start":{},"end":{}}],"line":16}},"s":{"0":0,"1":0,"2":0,"3":0,"4":0,"5":0,"6":0,"7":0,"8":0,"9":0,"10":0,"11":0,"12":0,"13":0,"14":0,"15":0,"16":0,"17":0,"18":1},"f":{"0":0,"1":0,"2":0,"3":0},"b":{"0":[0,0],"1":[0,0]},"_coverageSchema":"1a1c01bbd47fc00a2c39e90264f33305004495a9","hash":"d0c0e98a7428febac8e88897377dae8689396f15"}
,"C:\\Users\\Reid Brostoff\\Documents\\GitHub\\RateMyRestroom\\components\\SignUp\\SignUp.js": {"path":"C:\\Users\\Reid Brostoff\\Documents\\GitHub\\RateMyRestroom\\components\\SignUp\\SignUp.js","statementMap":{"0":{"start":{"line":7,"column":36},"end":{"line":7,"column":48}},"1":{"start":{"line":8,"column":34},"end":{"line":8,"column":46}},"2":{"start":{"line":9,"column":28},"end":{"line":9,"column":40}},"3":{"start":{"line":10,"column":34},"end":{"line":10,"column":46}},"4":{"start":{"line":11,"column":48},"end":{"line":11,"column":60}},"5":{"start":{"line":13,"column":21},"end":{"line":19,"column":3}},"6":{"start":{"line":14,"column":4},"end":{"line":14,"column":21}},"7":{"start":{"line":15,"column":4},"end":{"line":15,"column":20}},"8":{"start":{"line":16,"column":4},"end":{"line":16,"column":17}},"9":{"start":{"line":17,"column":4},"end":{"line":17,"column":20}},"10":{"start":{"line":18,"column":4},"end":{"line":18,"column":27}},"11":{"start":{"line":21,"column":22},"end":{"line":43,"column":3}},"12":{"start":{"line":22,"column":4},"end":{"line":42,"column":5}},"13":{"start":{"line":23,"column":6},"end":{"line":23,"column":44}},"14":{"start":{"line":24,"column":11},"end":{"line":42,"column":5}},"15":{"start":{"line":25,"column":6},"end":{"line":25,"column":46}},"16":{"start":{"line":26,"column":11},"end":{"line":42,"column":5}},"17":{"start":{"line":27,"column":6},"end":{"line":27,"column":49}},"18":{"start":{"line":28,"column":11},"end":{"line":42,"column":5}},"19":{"start":{"line":29,"column":6},"end":{"line":29,"column":22}},"20":{"start":{"line":30,"column":6},"end":{"line":30,"column":57}},"21":{"start":{"line":31,"column":11},"end":{"line":42,"column":5}},"22":{"start":{"line":32,"column":6},"end":{"line":32,"column":46}},"23":{"start":{"line":34,"column":6},"end":{"line":39,"column":8}},"24":{"start":{"line":40,"column":6},"end":{"line":40,"column":37}},"25":{"start":{"line":41,"column":6},"end":{"line":41,"column":19}},"26":{"start":{"line":45,"column":2},"end":{"line":106,"column":4}},"27":{"start":{"line":58,"column":30},"end":{"line":58,"column":48}},"28":{"start":{"line":66,"column":30},"end":{"line":66,"column":47}},"29":{"start":{"line":74,"column":33},"end":{"line":74,"column":48}},"30":{"start":{"line":84,"column":34},"end":{"line":84,"column":55}},"31":{"start":{"line":93,"column":35},"end":{"line":93,"column":64}},"32":{"start":{"line":102,"column":74},"end":{"line":102,"column":104}},"33":{"start":{"line":109,"column":15},"end":{"line":222,"column":2}}},"fnMap":{"0":{"name":"SignUp","decl":{"start":{"line":6,"column":24},"end":{"line":6,"column":30}},"loc":{"start":{"line":6,"column":47},"end":{"line":107,"column":1}},"line":6},"1":{"name":"(anonymous_1)","decl":{"start":{"line":13,"column":21},"end":{"line":13,"column":22}},"loc":{"start":{"line":13,"column":27},"end":{"line":19,"column":3}},"line":13},"2":{"name":"(anonymous_2)","decl":{"start":{"line":21,"column":22},"end":{"line":21,"column":23}},"loc":{"start":{"line":21,"column":28},"end":{"line":43,"column":3}},"line":21},"3":{"name":"(anonymous_3)","decl":{"start":{"line":58,"column":20},"end":{"line":58,"column":21}},"loc":{"start":{"line":58,"column":30},"end":{"line":58,"column":48}},"line":58},"4":{"name":"(anonymous_4)","decl":{"start":{"line":66,"column":20},"end":{"line":66,"column":21}},"loc":{"start":{"line":66,"column":30},"end":{"line":66,"column":47}},"line":66},"5":{"name":"(anonymous_5)","decl":{"start":{"line":74,"column":22},"end":{"line":74,"column":23}},"loc":{"start":{"line":74,"column":33},"end":{"line":74,"column":48}},"line":74},"6":{"name":"(anonymous_6)","decl":{"start":{"line":84,"column":20},"end":{"line":84,"column":21}},"loc":{"start":{"line":84,"column":34},"end":{"line":84,"column":55}},"line":84},"7":{"name":"(anonymous_7)","decl":{"start":{"line":93,"column":20},"end":{"line":93,"column":21}},"loc":{"start":{"line":93,"column":35},"end":{"line":93,"column":64}},"line":93},"8":{"name":"(anonymous_8)","decl":{"start":{"line":102,"column":68},"end":{"line":102,"column":69}},"loc":{"start":{"line":102,"column":74},"end":{"line":102,"column":104}},"line":102}},"branchMap":{"0":{"loc":{"start":{"line":22,"column":4},"end":{"line":42,"column":5}},"type":"if","locations":[{"start":{"line":22,"column":4},"end":{"line":42,"column":5}},{"start":{"line":24,"column":11},"end":{"line":42,"column":5}}],"line":22},"1":{"loc":{"start":{"line":24,"column":11},"end":{"line":42,"column":5}},"type":"if","locations":[{"start":{"line":24,"column":11},"end":{"line":42,"column":5}},{"start":{"line":26,"column":11},"end":{"line":42,"column":5}}],"line":24},"2":{"loc":{"start":{"line":26,"column":11},"end":{"line":42,"column":5}},"type":"if","locations":[{"start":{"line":26,"column":11},"end":{"line":42,"column":5}},{"start":{"line":28,"column":11},"end":{"line":42,"column":5}}],"line":26},"3":{"loc":{"start":{"line":28,"column":11},"end":{"line":42,"column":5}},"type":"if","locations":[{"start":{"line":28,"column":11},"end":{"line":42,"column":5}},{"start":{"line":31,"column":11},"end":{"line":42,"column":5}}],"line":28},"4":{"loc":{"start":{"line":31,"column":11},"end":{"line":42,"column":5}},"type":"if","locations":[{"start":{"line":31,"column":11},"end":{"line":42,"column":5}},{"start":{"line":33,"column":11},"end":{"line":42,"column":5}}],"line":31}},"s":{"0":0,"1":0,"2":0,"3":0,"4":0,"5":0,"6":0,"7":0,"8":0,"9":0,"10":0,"11":0,"12":0,"13":0,"14":0,"15":0,"16":0,"17":0,"18":0,"19":0,"20":0,"21":0,"22":0,"23":0,"24":0,"25":0,"26":0,"27":0,"28":0,"29":0,"30":0,"31":0,"32":0,"33":1},"f":{"0":0,"1":0,"2":0,"3":0,"4":0,"5":0,"6":0,"7":0,"8":0},"b":{"0":[0,0],"1":[0,0],"2":[0,0],"3":[0,0],"4":[0,0]},"_coverageSchema":"1a1c01bbd47fc00a2c39e90264f33305004495a9","hash":"033776de33f12a46da77fd24125e32c89df5c6ad"}
,"C:\\Users\\Reid Brostoff\\Documents\\GitHub\\RateMyRestroom\\components\\Welcome\\Welcome.js": {"path":"C:\\Users\\Reid Brostoff\\Documents\\GitHub\\RateMyRestroom\\components\\Welcome\\Welcome.js","statementMap":{"0":{"start":{"line":14,"column":2},"end":{"line":34,"column":4}},"1":{"start":{"line":24,"column":69},"end":{"line":24,"column":99}},"2":{"start":{"line":30,"column":69},"end":{"line":30,"column":99}},"3":{"start":{"line":38,"column":15},"end":{"line":131,"column":2}}},"fnMap":{"0":{"name":"WelcomeScreen","decl":{"start":{"line":13,"column":24},"end":{"line":13,"column":37}},"loc":{"start":{"line":13,"column":53},"end":{"line":35,"column":1}},"line":13},"1":{"name":"(anonymous_1)","decl":{"start":{"line":24,"column":63},"end":{"line":24,"column":64}},"loc":{"start":{"line":24,"column":69},"end":{"line":24,"column":99}},"line":24},"2":{"name":"(anonymous_2)","decl":{"start":{"line":30,"column":63},"end":{"line":30,"column":64}},"loc":{"start":{"line":30,"column":69},"end":{"line":30,"column":99}},"line":30}},"branchMap":{},"s":{"0":0,"1":0,"2":0,"3":1},"f":{"0":0,"1":0,"2":0},"b":{},"_coverageSchema":"1a1c01bbd47fc00a2c39e90264f33305004495a9","hash":"1cf0ee5642db17e301e8c3f5228e5e4ccba48352"}
,"C:\\Users\\Reid Brostoff\\Documents\\GitHub\\RateMyRestroom\\components\\mapview\\Map.js": {"path":"C:\\Users\\Reid Brostoff\\Documents\\GitHub\\RateMyRestroom\\components\\mapview\\Map.js","statementMap":{"0":{"start":{"line":14,"column":32},"end":{"line":19,"column":6}},"1":{"start":{"line":21,"column":34},"end":{"line":21,"column":49}},"2":{"start":{"line":23,"column":34},"end":{"line":23,"column":46}},"3":{"start":{"line":27,"column":4},"end":{"line":32,"column":6}},"4":{"start":{"line":28,"column":8},"end":{"line":31,"column":9}},"5":{"start":{"line":29,"column":12},"end":{"line":29,"column":38}},"6":{"start":{"line":30,"column":12},"end":{"line":30,"column":28}},"7":{"start":{"line":35,"column":19},"end":{"line":57,"column":6}},"8":{"start":{"line":59,"column":23},"end":{"line":61,"column":5}},"9":{"start":{"line":60,"column":8},"end":{"line":60,"column":39}},"10":{"start":{"line":64,"column":25},"end":{"line":64,"column":75}},"11":{"start":{"line":65,"column":8},"end":{"line":67,"column":9}},"12":{"start":{"line":66,"column":12},"end":{"line":66,"column":18}},"13":{"start":{"line":68,"column":23},"end":{"line":68,"column":63}},"14":{"start":{"line":69,"column":26},"end":{"line":74,"column":9}},"15":{"start":{"line":75,"column":8},"end":{"line":75,"column":28}},"16":{"start":{"line":84,"column":27},"end":{"line":84,"column":46}},"17":{"start":{"line":85,"column":25},"end":{"line":85,"column":44}},"18":{"start":{"line":86,"column":25},"end":{"line":86,"column":27}},"19":{"start":{"line":87,"column":8},"end":{"line":99,"column":9}},"20":{"start":{"line":87,"column":21},"end":{"line":87,"column":22}},"21":{"start":{"line":88,"column":23},"end":{"line":88,"column":87}},"22":{"start":{"line":89,"column":25},"end":{"line":90,"column":80}},"23":{"start":{"line":91,"column":12},"end":{"line":98,"column":14}},"24":{"start":{"line":100,"column":8},"end":{"line":100,"column":30}},"25":{"start":{"line":103,"column":21},"end":{"line":105,"column":5}},"26":{"start":{"line":104,"column":8},"end":{"line":104,"column":32}},"27":{"start":{"line":107,"column":26},"end":{"line":109,"column":5}},"28":{"start":{"line":108,"column":8},"end":{"line":108,"column":34}},"29":{"start":{"line":113,"column":4},"end":{"line":150,"column":6}},"30":{"start":{"line":123,"column":20},"end":{"line":123,"column":51}},"31":{"start":{"line":124,"column":20},"end":{"line":131,"column":22}}},"fnMap":{"0":{"name":"Map","decl":{"start":{"line":12,"column":24},"end":{"line":12,"column":27}},"loc":{"start":{"line":12,"column":44},"end":{"line":152,"column":1}},"line":12},"1":{"name":"(anonymous_1)","decl":{"start":{"line":27,"column":14},"end":{"line":27,"column":15}},"loc":{"start":{"line":27,"column":26},"end":{"line":32,"column":5}},"line":27},"2":{"name":"(anonymous_2)","decl":{"start":{"line":59,"column":23},"end":{"line":59,"column":24}},"loc":{"start":{"line":59,"column":29},"end":{"line":61,"column":5}},"line":59},"3":{"name":"getUserLocation","decl":{"start":{"line":63,"column":19},"end":{"line":63,"column":34}},"loc":{"start":{"line":63,"column":37},"end":{"line":76,"column":5}},"line":63},"4":{"name":"fetchAndSetMarkers","decl":{"start":{"line":83,"column":19},"end":{"line":83,"column":37}},"loc":{"start":{"line":83,"column":40},"end":{"line":101,"column":5}},"line":83},"5":{"name":"(anonymous_5)","decl":{"start":{"line":103,"column":21},"end":{"line":103,"column":22}},"loc":{"start":{"line":103,"column":33},"end":{"line":105,"column":5}},"line":103},"6":{"name":"(anonymous_6)","decl":{"start":{"line":107,"column":26},"end":{"line":107,"column":27}},"loc":{"start":{"line":107,"column":38},"end":{"line":109,"column":5}},"line":107},"7":{"name":"(anonymous_7)","decl":{"start":{"line":122,"column":29},"end":{"line":122,"column":30}},"loc":{"start":{"line":122,"column":49},"end":{"line":132,"column":17}},"line":122}},"branchMap":{"0":{"loc":{"start":{"line":28,"column":8},"end":{"line":31,"column":9}},"type":"if","locations":[{"start":{"line":28,"column":8},"end":{"line":31,"column":9}},{"start":{},"end":{}}],"line":28},"1":{"loc":{"start":{"line":65,"column":8},"end":{"line":67,"column":9}},"type":"if","locations":[{"start":{"line":65,"column":8},"end":{"line":67,"column":9}},{"start":{},"end":{}}],"line":65},"2":{"loc":{"start":{"line":89,"column":25},"end":{"line":90,"column":80}},"type":"cond-expr","locations":[{"start":{"line":89,"column":44},"end":{"line":89,"column":128}},{"start":{"line":90,"column":12},"end":{"line":90,"column":80}}],"line":89}},"s":{"0":2,"1":2,"2":2,"3":2,"4":0,"5":0,"6":0,"7":2,"8":2,"9":0,"10":0,"11":0,"12":0,"13":0,"14":0,"15":0,"16":1,"17":1,"18":1,"19":1,"20":1,"21":1,"22":1,"23":1,"24":1,"25":2,"26":0,"27":2,"28":1,"29":2,"30":1,"31":1},"f":{"0":2,"1":0,"2":0,"3":0,"4":1,"5":0,"6":1,"7":1},"b":{"0":[0,0],"1":[0,0],"2":[0,1]},"_coverageSchema":"1a1c01bbd47fc00a2c39e90264f33305004495a9","hash":"3d00033d8593fc2a4a294f50653b6951b296f37d"}
,"C:\\Users\\Reid Brostoff\\Documents\\GitHub\\RateMyRestroom\\components\\mapview\\icons\\toilet.png": {"path":"C:\\Users\\Reid Brostoff\\Documents\\GitHub\\RateMyRestroom\\components\\mapview\\icons\\toilet.png","statementMap":{"0":{"start":{"line":1,"column":0},"end":{"line":1,"column":19}}},"fnMap":{},"branchMap":{},"s":{"0":1},"f":{},"b":{},"inputSourceMap":null,"_coverageSchema":"1a1c01bbd47fc00a2c39e90264f33305004495a9","hash":"51884cf611abb50b52fe7a7c54a14f933e802a05"}
,"C:\\Users\\Reid Brostoff\\Documents\\GitHub\\RateMyRestroom\\config\\keys.js": {"path":"C:\\Users\\Reid Brostoff\\Documents\\GitHub\\RateMyRestroom\\config\\keys.js","statementMap":{},"fnMap":{},"branchMap":{},"s":{},"f":{},"b":{},"_coverageSchema":"1a1c01bbd47fc00a2c39e90264f33305004495a9","hash":"8a2d78c9723fe99fd38883f6ae5b12c2b0646a5f"}
}
