{"C:\\Users\\reidd\\Documents\\GitHub\\RateMyRestroom\\apis\\api.js": {"path":"C:\\Users\\reidd\\Documents\\GitHub\\RateMyRestroom\\apis\\api.js","statementMap":{"0":{"start":{"line":9,"column":0},"end":{"line":9,"column":38}},"1":{"start":{"line":10,"column":19},"end":{"line":10,"column":27}},"2":{"start":{"line":11,"column":13},"end":{"line":11,"column":25}},"3":{"start":{"line":12,"column":18},"end":{"line":12,"column":35}},"4":{"start":{"line":15,"column":2},"end":{"line":15,"column":58}},"5":{"start":{"line":16,"column":2},"end":{"line":22,"column":3}},"6":{"start":{"line":17,"column":17},"end":{"line":17,"column":39}},"7":{"start":{"line":18,"column":4},"end":{"line":18,"column":31}},"8":{"start":{"line":20,"column":4},"end":{"line":20,"column":49}},"9":{"start":{"line":21,"column":4},"end":{"line":21,"column":28}},"10":{"start":{"line":26,"column":2},"end":{"line":26,"column":58}},"11":{"start":{"line":27,"column":2},"end":{"line":36,"column":3}},"12":{"start":{"line":28,"column":4},"end":{"line":30,"column":7}},"13":{"start":{"line":31,"column":4},"end":{"line":31,"column":15}},"14":{"start":{"line":33,"column":4},"end":{"line":33,"column":49}},"15":{"start":{"line":34,"column":4},"end":{"line":34,"column":28}},"16":{"start":{"line":35,"column":4},"end":{"line":35,"column":16}},"17":{"start":{"line":40,"column":19},"end":{"line":40,"column":21}},"18":{"start":{"line":41,"column":2},"end":{"line":41,"column":40}},"19":{"start":{"line":42,"column":2},"end":{"line":50,"column":3}},"20":{"start":{"line":43,"column":4},"end":{"line":43,"column":42}},"21":{"start":{"line":44,"column":4},"end":{"line":46,"column":6}},"22":{"start":{"line":45,"column":6},"end":{"line":45,"column":33}},"23":{"start":{"line":47,"column":4},"end":{"line":47,"column":21}},"24":{"start":{"line":49,"column":4},"end":{"line":49,"column":49}},"25":{"start":{"line":55,"column":2},"end":{"line":55,"column":58}},"26":{"start":{"line":56,"column":2},"end":{"line":56,"column":43}},"27":{"start":{"line":57,"column":2},"end":{"line":68,"column":3}},"28":{"start":{"line":58,"column":4},"end":{"line":63,"column":6}},"29":{"start":{"line":64,"column":4},"end":{"line":64,"column":15}},"30":{"start":{"line":66,"column":4},"end":{"line":66,"column":49}},"31":{"start":{"line":67,"column":4},"end":{"line":67,"column":16}},"32":{"start":{"line":72,"column":2},"end":{"line":87,"column":3}},"33":{"start":{"line":73,"column":4},"end":{"line":73,"column":48}},"34":{"start":{"line":74,"column":16},"end":{"line":74,"column":135}},"35":{"start":{"line":75,"column":16},"end":{"line":75,"column":32}},"36":{"start":{"line":76,"column":4},"end":{"line":82,"column":5}},"37":{"start":{"line":77,"column":6},"end":{"line":77,"column":16}},"38":{"start":{"line":79,"column":9},"end":{"line":82,"column":5}},"39":{"start":{"line":83,"column":4},"end":{"line":83,"column":15}},"40":{"start":{"line":86,"column":4},"end":{"line":86,"column":49}},"41":{"start":{"line":91,"column":2},"end":{"line":106,"column":3}},"42":{"start":{"line":93,"column":4},"end":{"line":93,"column":64}},"43":{"start":{"line":96,"column":24},"end":{"line":96,"column":40}},"44":{"start":{"line":97,"column":4},"end":{"line":102,"column":6}},"45":{"start":{"line":104,"column":4},"end":{"line":104,"column":49}},"46":{"start":{"line":105,"column":4},"end":{"line":105,"column":28}},"47":{"start":{"line":110,"column":2},"end":{"line":115,"column":3}},"48":{"start":{"line":111,"column":4},"end":{"line":111,"column":59}},"49":{"start":{"line":114,"column":4},"end":{"line":114,"column":49}},"50":{"start":{"line":119,"column":2},"end":{"line":125,"column":3}},"51":{"start":{"line":120,"column":4},"end":{"line":120,"column":23}},"52":{"start":{"line":121,"column":4},"end":{"line":121,"column":15}},"53":{"start":{"line":123,"column":4},"end":{"line":123,"column":49}},"54":{"start":{"line":124,"column":4},"end":{"line":124,"column":16}}},"fnMap":{"0":{"name":"getFavorite","decl":{"start":{"line":14,"column":22},"end":{"line":14,"column":33}},"loc":{"start":{"line":14,"column":36},"end":{"line":23,"column":1}},"line":14},"1":{"name":"setFavorite","decl":{"start":{"line":25,"column":22},"end":{"line":25,"column":33}},"loc":{"start":{"line":25,"column":44},"end":{"line":37,"column":1}},"line":25},"2":{"name":"loadMarkers","decl":{"start":{"line":39,"column":22},"end":{"line":39,"column":33}},"loc":{"start":{"line":39,"column":36},"end":{"line":51,"column":1}},"line":39},"3":{"name":"(anonymous_3)","decl":{"start":{"line":44,"column":23},"end":{"line":44,"column":24}},"loc":{"start":{"line":44,"column":30},"end":{"line":46,"column":5}},"line":44},"4":{"name":"sendMarkerToDatabase","decl":{"start":{"line":53,"column":22},"end":{"line":53,"column":42}},"loc":{"start":{"line":53,"column":51},"end":{"line":69,"column":1}},"line":53},"5":{"name":"getCoordsFromAddress","decl":{"start":{"line":71,"column":22},"end":{"line":71,"column":42}},"loc":{"start":{"line":71,"column":52},"end":{"line":88,"column":1}},"line":71},"6":{"name":"registration","decl":{"start":{"line":90,"column":22},"end":{"line":90,"column":34}},"loc":{"start":{"line":90,"column":73},"end":{"line":107,"column":1}},"line":90},"7":{"name":"signIn","decl":{"start":{"line":109,"column":22},"end":{"line":109,"column":28}},"loc":{"start":{"line":109,"column":46},"end":{"line":116,"column":1}},"line":109},"8":{"name":"loggingOut","decl":{"start":{"line":118,"column":22},"end":{"line":118,"column":32}},"loc":{"start":{"line":118,"column":35},"end":{"line":126,"column":1}},"line":118}},"branchMap":{"0":{"loc":{"start":{"line":76,"column":4},"end":{"line":82,"column":5}},"type":"if","locations":[{"start":{"line":76,"column":4},"end":{"line":82,"column":5}},{"start":{"line":79,"column":9},"end":{"line":82,"column":5}}],"line":76},"1":{"loc":{"start":{"line":79,"column":9},"end":{"line":82,"column":5}},"type":"if","locations":[{"start":{"line":79,"column":9},"end":{"line":82,"column":5}},{"start":{"line":81,"column":9},"end":{"line":82,"column":5}}],"line":79}},"s":{"0":2,"1":2,"2":2,"3":2,"4":1,"5":1,"6":1,"7":1,"8":0,"9":0,"10":1,"11":1,"12":1,"13":1,"14":0,"15":0,"16":0,"17":1,"18":1,"19":1,"20":1,"21":1,"22":5,"23":1,"24":0,"25":1,"26":1,"27":1,"28":1,"29":1,"30":0,"31":0,"32":1,"33":1,"34":1,"35":0,"36":0,"37":0,"38":0,"39":0,"40":1,"41":1,"42":1,"43":1,"44":1,"45":0,"46":0,"47":1,"48":1,"49":0,"50":0,"51":0,"52":0,"53":0,"54":0},"f":{"0":1,"1":1,"2":1,"3":5,"4":1,"5":1,"6":1,"7":1,"8":0},"b":{"0":[0,0],"1":[0,0]},"_coverageSchema":"1a1c01bbd47fc00a2c39e90264f33305004495a9","hash":"7ba221464ecb05112e889669352f5788e66cade1"}
,"C:\\Users\\reidd\\Documents\\GitHub\\RateMyRestroom\\components\\AddMarker\\AddMarker.js": {"path":"C:\\Users\\reidd\\Documents\\GitHub\\RateMyRestroom\\components\\AddMarker\\AddMarker.js","statementMap":{"0":{"start":{"line":9,"column":34},"end":{"line":9,"column":46}},"1":{"start":{"line":10,"column":28},"end":{"line":10,"column":43}},"2":{"start":{"line":11,"column":30},"end":{"line":11,"column":44}},"3":{"start":{"line":12,"column":30},"end":{"line":12,"column":40}},"4":{"start":{"line":13,"column":36},"end":{"line":13,"column":51}},"5":{"start":{"line":15,"column":19},"end":{"line":67,"column":6}},"6":{"start":{"line":69,"column":25},"end":{"line":90,"column":5}},"7":{"start":{"line":71,"column":24},"end":{"line":71,"column":26}},"8":{"start":{"line":72,"column":8},"end":{"line":88,"column":9}},"9":{"start":{"line":73,"column":12},"end":{"line":76,"column":13}},"10":{"start":{"line":74,"column":16},"end":{"line":74,"column":54}},"11":{"start":{"line":75,"column":16},"end":{"line":75,"column":22}},"12":{"start":{"line":77,"column":24},"end":{"line":77,"column":59}},"13":{"start":{"line":78,"column":12},"end":{"line":83,"column":13}},"14":{"start":{"line":78,"column":25},"end":{"line":78,"column":26}},"15":{"start":{"line":79,"column":16},"end":{"line":82,"column":18}},"16":{"start":{"line":84,"column":12},"end":{"line":84,"column":31}},"17":{"start":{"line":85,"column":12},"end":{"line":85,"column":29}},"18":{"start":{"line":87,"column":12},"end":{"line":87,"column":60}},"19":{"start":{"line":92,"column":31},"end":{"line":101,"column":5}},"20":{"start":{"line":93,"column":8},"end":{"line":93,"column":26}},"21":{"start":{"line":94,"column":8},"end":{"line":97,"column":9}},"22":{"start":{"line":95,"column":12},"end":{"line":95,"column":52}},"23":{"start":{"line":96,"column":12},"end":{"line":96,"column":18}},"24":{"start":{"line":98,"column":8},"end":{"line":100,"column":10}},"25":{"start":{"line":104,"column":4},"end":{"line":130,"column":6}},"26":{"start":{"line":111,"column":43},"end":{"line":111,"column":62}}},"fnMap":{"0":{"name":"AddMarker","decl":{"start":{"line":8,"column":24},"end":{"line":8,"column":33}},"loc":{"start":{"line":8,"column":50},"end":{"line":131,"column":1}},"line":8},"1":{"name":"(anonymous_1)","decl":{"start":{"line":69,"column":25},"end":{"line":69,"column":26}},"loc":{"start":{"line":69,"column":37},"end":{"line":90,"column":5}},"line":69},"2":{"name":"(anonymous_2)","decl":{"start":{"line":92,"column":31},"end":{"line":92,"column":32}},"loc":{"start":{"line":92,"column":37},"end":{"line":101,"column":5}},"line":92},"3":{"name":"(anonymous_3)","decl":{"start":{"line":111,"column":30},"end":{"line":111,"column":31}},"loc":{"start":{"line":111,"column":43},"end":{"line":111,"column":62}},"line":111}},"branchMap":{"0":{"loc":{"start":{"line":73,"column":12},"end":{"line":76,"column":13}},"type":"if","locations":[{"start":{"line":73,"column":12},"end":{"line":76,"column":13}},{"start":{},"end":{}}],"line":73},"1":{"loc":{"start":{"line":94,"column":8},"end":{"line":97,"column":9}},"type":"if","locations":[{"start":{"line":94,"column":8},"end":{"line":97,"column":9}},{"start":{},"end":{}}],"line":94},"2":{"loc":{"start":{"line":113,"column":13},"end":{"line":120,"column":25}},"type":"cond-expr","locations":[{"start":{"line":114,"column":16},"end":{"line":120,"column":18}},{"start":{"line":120,"column":21},"end":{"line":120,"column":25}}],"line":113},"3":{"loc":{"start":{"line":124,"column":13},"end":{"line":127,"column":35}},"type":"cond-expr","locations":[{"start":{"line":124,"column":29},"end":{"line":124,"column":33}},{"start":{"line":125,"column":16},"end":{"line":127,"column":35}}],"line":124}},"s":{"0":1,"1":1,"2":1,"3":1,"4":1,"5":1,"6":1,"7":0,"8":0,"9":0,"10":0,"11":0,"12":0,"13":0,"14":0,"15":0,"16":0,"17":0,"18":0,"19":1,"20":0,"21":0,"22":0,"23":0,"24":0,"25":1,"26":0},"f":{"0":1,"1":0,"2":0,"3":0},"b":{"0":[0,0],"1":[0,0],"2":[0,1],"3":[1,0]},"_coverageSchema":"1a1c01bbd47fc00a2c39e90264f33305004495a9","hash":"80cd1244e64740e857640b9512f96fd88d9e70ed"}
,"C:\\Users\\reidd\\Documents\\GitHub\\RateMyRestroom\\components\\AddMarker\\DescribeMarker.js": {"path":"C:\\Users\\reidd\\Documents\\GitHub\\RateMyRestroom\\components\\AddMarker\\DescribeMarker.js","statementMap":{"0":{"start":{"line":8,"column":28},"end":{"line":8,"column":40}},"1":{"start":{"line":9,"column":32},"end":{"line":9,"column":43}},"2":{"start":{"line":10,"column":42},"end":{"line":10,"column":54}},"3":{"start":{"line":11,"column":28},"end":{"line":11,"column":43}},"4":{"start":{"line":13,"column":19},"end":{"line":56,"column":6}},"5":{"start":{"line":58,"column":21},"end":{"line":67,"column":5}},"6":{"start":{"line":59,"column":24},"end":{"line":59,"column":26}},"7":{"start":{"line":60,"column":8},"end":{"line":65,"column":9}},"8":{"start":{"line":60,"column":21},"end":{"line":60,"column":22}},"9":{"start":{"line":61,"column":12},"end":{"line":64,"column":14}},"10":{"start":{"line":66,"column":8},"end":{"line":66,"column":24}},"11":{"start":{"line":69,"column":29},"end":{"line":89,"column":5}},"12":{"start":{"line":70,"column":8},"end":{"line":73,"column":9}},"13":{"start":{"line":71,"column":12},"end":{"line":71,"column":53}},"14":{"start":{"line":72,"column":12},"end":{"line":72,"column":18}},"15":{"start":{"line":74,"column":8},"end":{"line":74,"column":42}},"16":{"start":{"line":75,"column":25},"end":{"line":80,"column":9}},"17":{"start":{"line":81,"column":23},"end":{"line":81,"column":59}},"18":{"start":{"line":82,"column":8},"end":{"line":87,"column":9}},"19":{"start":{"line":83,"column":12},"end":{"line":83,"column":40}},"20":{"start":{"line":86,"column":12},"end":{"line":86,"column":68}},"21":{"start":{"line":88,"column":8},"end":{"line":88,"column":40}},"22":{"start":{"line":91,"column":4},"end":{"line":122,"column":5}},"23":{"start":{"line":99,"column":39},"end":{"line":99,"column":52}},"24":{"start":{"line":116,"column":46},"end":{"line":116,"column":73}}},"fnMap":{"0":{"name":"DescribeMarker","decl":{"start":{"line":7,"column":24},"end":{"line":7,"column":38}},"loc":{"start":{"line":7,"column":60},"end":{"line":123,"column":1}},"line":7},"1":{"name":"(anonymous_1)","decl":{"start":{"line":58,"column":21},"end":{"line":58,"column":22}},"loc":{"start":{"line":58,"column":27},"end":{"line":67,"column":5}},"line":58},"2":{"name":"(anonymous_2)","decl":{"start":{"line":69,"column":29},"end":{"line":69,"column":30}},"loc":{"start":{"line":69,"column":41},"end":{"line":89,"column":5}},"line":69},"3":{"name":"(anonymous_3)","decl":{"start":{"line":99,"column":29},"end":{"line":99,"column":30}},"loc":{"start":{"line":99,"column":39},"end":{"line":99,"column":52}},"line":99},"4":{"name":"(anonymous_4)","decl":{"start":{"line":116,"column":29},"end":{"line":116,"column":30}},"loc":{"start":{"line":116,"column":46},"end":{"line":116,"column":73}},"line":116}},"branchMap":{"0":{"loc":{"start":{"line":70,"column":8},"end":{"line":73,"column":9}},"type":"if","locations":[{"start":{"line":70,"column":8},"end":{"line":73,"column":9}},{"start":{},"end":{}}],"line":70},"1":{"loc":{"start":{"line":70,"column":12},"end":{"line":70,"column":58}},"type":"binary-expr","locations":[{"start":{"line":70,"column":12},"end":{"line":70,"column":22}},{"start":{"line":70,"column":26},"end":{"line":70,"column":37}},{"start":{"line":70,"column":41},"end":{"line":70,"column":58}}],"line":70},"2":{"loc":{"start":{"line":82,"column":8},"end":{"line":87,"column":9}},"type":"if","locations":[{"start":{"line":82,"column":8},"end":{"line":87,"column":9}},{"start":{"line":85,"column":13},"end":{"line":87,"column":9}}],"line":82}},"s":{"0":1,"1":1,"2":1,"3":1,"4":1,"5":1,"6":1,"7":1,"8":1,"9":5,"10":1,"11":1,"12":0,"13":0,"14":0,"15":0,"16":0,"17":0,"18":0,"19":0,"20":0,"21":0,"22":1,"23":0,"24":0},"f":{"0":1,"1":1,"2":0,"3":0,"4":0},"b":{"0":[0,0],"1":[0,0,0],"2":[0,0]},"_coverageSchema":"1a1c01bbd47fc00a2c39e90264f33305004495a9","hash":"5463798709b40e2077481c4b70742eb93dc91c2c"}
,"C:\\Users\\reidd\\Documents\\GitHub\\RateMyRestroom\\components\\Dashboard\\dashboard.js": {"path":"C:\\Users\\reidd\\Documents\\GitHub\\RateMyRestroom\\components\\Dashboard\\dashboard.js","statementMap":{"0":{"start":{"line":11,"column":36},"end":{"line":11,"column":48}},"1":{"start":{"line":13,"column":17},"end":{"line":36,"column":4}},"2":{"start":{"line":38,"column":2},"end":{"line":57,"column":4}},"3":{"start":{"line":40,"column":4},"end":{"line":40,"column":18}},"4":{"start":{"line":41,"column":4},"end":{"line":41,"column":33}},"5":{"start":{"line":42,"column":4},"end":{"line":42,"column":23}},"6":{"start":{"line":43,"column":4},"end":{"line":43,"column":59}},"7":{"start":{"line":46,"column":19},"end":{"line":46,"column":40}},"8":{"start":{"line":47,"column":8},"end":{"line":53,"column":9}},"9":{"start":{"line":48,"column":12},"end":{"line":48,"column":47}},"10":{"start":{"line":51,"column":26},"end":{"line":51,"column":37}},"11":{"start":{"line":52,"column":12},"end":{"line":52,"column":43}},"12":{"start":{"line":56,"column":4},"end":{"line":56,"column":18}},"13":{"start":{"line":59,"column":22},"end":{"line":62,"column":3}},"14":{"start":{"line":60,"column":4},"end":{"line":60,"column":17}},"15":{"start":{"line":61,"column":4},"end":{"line":61,"column":34}},"16":{"start":{"line":64,"column":24},"end":{"line":66,"column":3}},"17":{"start":{"line":65,"column":4},"end":{"line":65,"column":30}},"18":{"start":{"line":68,"column":26},"end":{"line":70,"column":3}},"19":{"start":{"line":69,"column":4},"end":{"line":69,"column":37}},"20":{"start":{"line":72,"column":31},"end":{"line":74,"column":3}},"21":{"start":{"line":73,"column":4},"end":{"line":73,"column":42}},"22":{"start":{"line":76,"column":2},"end":{"line":93,"column":3}}},"fnMap":{"0":{"name":"Dashboard","decl":{"start":{"line":10,"column":24},"end":{"line":10,"column":33}},"loc":{"start":{"line":10,"column":50},"end":{"line":94,"column":1}},"line":10},"1":{"name":"(anonymous_1)","decl":{"start":{"line":38,"column":12},"end":{"line":38,"column":13}},"loc":{"start":{"line":38,"column":18},"end":{"line":57,"column":3}},"line":38},"2":{"name":"getUserInfo","decl":{"start":{"line":45,"column":19},"end":{"line":45,"column":30}},"loc":{"start":{"line":45,"column":33},"end":{"line":54,"column":5}},"line":45},"3":{"name":"(anonymous_3)","decl":{"start":{"line":59,"column":22},"end":{"line":59,"column":23}},"loc":{"start":{"line":59,"column":28},"end":{"line":62,"column":3}},"line":59},"4":{"name":"(anonymous_4)","decl":{"start":{"line":64,"column":24},"end":{"line":64,"column":25}},"loc":{"start":{"line":64,"column":30},"end":{"line":66,"column":3}},"line":64},"5":{"name":"(anonymous_5)","decl":{"start":{"line":68,"column":26},"end":{"line":68,"column":27}},"loc":{"start":{"line":68,"column":32},"end":{"line":70,"column":3}},"line":68},"6":{"name":"(anonymous_6)","decl":{"start":{"line":72,"column":31},"end":{"line":72,"column":32}},"loc":{"start":{"line":72,"column":37},"end":{"line":74,"column":3}},"line":72}},"branchMap":{"0":{"loc":{"start":{"line":47,"column":8},"end":{"line":53,"column":9}},"type":"if","locations":[{"start":{"line":47,"column":8},"end":{"line":53,"column":9}},{"start":{"line":50,"column":13},"end":{"line":53,"column":9}}],"line":47}},"s":{"0":1,"1":1,"2":1,"3":0,"4":0,"5":0,"6":0,"7":0,"8":0,"9":0,"10":0,"11":0,"12":0,"13":1,"14":0,"15":0,"16":1,"17":0,"18":1,"19":0,"20":1,"21":0,"22":1},"f":{"0":1,"1":0,"2":0,"3":0,"4":0,"5":0,"6":0},"b":{"0":[0,0]},"_coverageSchema":"1a1c01bbd47fc00a2c39e90264f33305004495a9","hash":"a68e53420266b299a205e42175f0e4be2aac04a8"}
,"C:\\Users\\reidd\\Documents\\GitHub\\RateMyRestroom\\components\\LoadingScreen\\LoadingScreen.js": {"path":"C:\\Users\\reidd\\Documents\\GitHub\\RateMyRestroom\\components\\LoadingScreen\\LoadingScreen.js","statementMap":{"0":{"start":{"line":6,"column":12},"end":{"line":6,"column":20}},"1":{"start":{"line":7,"column":13},"end":{"line":7,"column":25}},"2":{"start":{"line":10,"column":4},"end":{"line":21,"column":5}},"3":{"start":{"line":12,"column":12},"end":{"line":19,"column":14}},"4":{"start":{"line":13,"column":16},"end":{"line":18,"column":17}},"5":{"start":{"line":14,"column":20},"end":{"line":14,"column":51}},"6":{"start":{"line":17,"column":20},"end":{"line":17,"column":49}},"7":{"start":{"line":23,"column":19},"end":{"line":30,"column":8}},"8":{"start":{"line":32,"column":4},"end":{"line":36,"column":5}}},"fnMap":{"0":{"name":"LoadingScreen","decl":{"start":{"line":9,"column":24},"end":{"line":9,"column":37}},"loc":{"start":{"line":9,"column":54},"end":{"line":37,"column":1}},"line":9},"1":{"name":"(anonymous_1)","decl":{"start":{"line":11,"column":8},"end":{"line":11,"column":9}},"loc":{"start":{"line":11,"column":14},"end":{"line":20,"column":9}},"line":11},"2":{"name":"(anonymous_2)","decl":{"start":{"line":12,"column":37},"end":{"line":12,"column":38}},"loc":{"start":{"line":12,"column":47},"end":{"line":19,"column":13}},"line":12}},"branchMap":{"0":{"loc":{"start":{"line":13,"column":16},"end":{"line":18,"column":17}},"type":"if","locations":[{"start":{"line":13,"column":16},"end":{"line":18,"column":17}},{"start":{"line":16,"column":21},"end":{"line":18,"column":17}}],"line":13}},"s":{"0":1,"1":1,"2":1,"3":0,"4":0,"5":0,"6":0,"7":1,"8":1},"f":{"0":1,"1":0,"2":0},"b":{"0":[0,0]},"_coverageSchema":"1a1c01bbd47fc00a2c39e90264f33305004495a9","hash":"d2ccdce321bfa4093086383975f21364a5a6fb6b"}
,"C:\\Users\\reidd\\Documents\\GitHub\\RateMyRestroom\\components\\SelectFavorite\\SelectFavorite.js": {"path":"C:\\Users\\reidd\\Documents\\GitHub\\RateMyRestroom\\components\\SelectFavorite\\SelectFavorite.js","statementMap":{"0":{"start":{"line":8,"column":28},"end":{"line":8,"column":43}},"1":{"start":{"line":9,"column":30},"end":{"line":9,"column":42}},"2":{"start":{"line":10,"column":30},"end":{"line":10,"column":44}},"3":{"start":{"line":11,"column":34},"end":{"line":11,"column":49}},"4":{"start":{"line":13,"column":4},"end":{"line":37,"column":6}},"5":{"start":{"line":15,"column":12},"end":{"line":30,"column":13}},"6":{"start":{"line":16,"column":35},"end":{"line":16,"column":54}},"7":{"start":{"line":18,"column":31},"end":{"line":18,"column":33}},"8":{"start":{"line":19,"column":16},"end":{"line":25,"column":17}},"9":{"start":{"line":19,"column":29},"end":{"line":19,"column":30}},"10":{"start":{"line":20,"column":20},"end":{"line":20,"column":89}},"11":{"start":{"line":21,"column":20},"end":{"line":24,"column":22}},"12":{"start":{"line":26,"column":16},"end":{"line":26,"column":34}},"13":{"start":{"line":29,"column":16},"end":{"line":29,"column":64}},"14":{"start":{"line":33,"column":8},"end":{"line":36,"column":9}},"15":{"start":{"line":34,"column":12},"end":{"line":34,"column":33}},"16":{"start":{"line":35,"column":12},"end":{"line":35,"column":28}},"17":{"start":{"line":39,"column":19},"end":{"line":77,"column":6}},"18":{"start":{"line":79,"column":27},"end":{"line":92,"column":5}},"19":{"start":{"line":80,"column":8},"end":{"line":83,"column":9}},"20":{"start":{"line":81,"column":12},"end":{"line":81,"column":50}},"21":{"start":{"line":82,"column":12},"end":{"line":82,"column":18}},"22":{"start":{"line":84,"column":24},"end":{"line":84,"column":48}},"23":{"start":{"line":85,"column":8},"end":{"line":90,"column":9}},"24":{"start":{"line":86,"column":12},"end":{"line":86,"column":40}},"25":{"start":{"line":89,"column":12},"end":{"line":89,"column":69}},"26":{"start":{"line":91,"column":8},"end":{"line":91,"column":40}},"27":{"start":{"line":94,"column":4},"end":{"line":110,"column":5}}},"fnMap":{"0":{"name":"SelectFavorite","decl":{"start":{"line":7,"column":24},"end":{"line":7,"column":38}},"loc":{"start":{"line":7,"column":55},"end":{"line":111,"column":1}},"line":7},"1":{"name":"(anonymous_1)","decl":{"start":{"line":13,"column":14},"end":{"line":13,"column":15}},"loc":{"start":{"line":13,"column":20},"end":{"line":37,"column":5}},"line":13},"2":{"name":"fetchMarkersGetList","decl":{"start":{"line":14,"column":23},"end":{"line":14,"column":42}},"loc":{"start":{"line":14,"column":45},"end":{"line":32,"column":9}},"line":14},"3":{"name":"(anonymous_3)","decl":{"start":{"line":79,"column":27},"end":{"line":79,"column":28}},"loc":{"start":{"line":79,"column":39},"end":{"line":92,"column":5}},"line":79}},"branchMap":{"0":{"loc":{"start":{"line":33,"column":8},"end":{"line":36,"column":9}},"type":"if","locations":[{"start":{"line":33,"column":8},"end":{"line":36,"column":9}},{"start":{},"end":{}}],"line":33},"1":{"loc":{"start":{"line":80,"column":8},"end":{"line":83,"column":9}},"type":"if","locations":[{"start":{"line":80,"column":8},"end":{"line":83,"column":9}},{"start":{},"end":{}}],"line":80},"2":{"loc":{"start":{"line":85,"column":8},"end":{"line":90,"column":9}},"type":"if","locations":[{"start":{"line":85,"column":8},"end":{"line":90,"column":9}},{"start":{"line":88,"column":13},"end":{"line":90,"column":9}}],"line":85}},"s":{"0":1,"1":1,"2":1,"3":1,"4":1,"5":0,"6":0,"7":0,"8":0,"9":0,"10":0,"11":0,"12":0,"13":0,"14":0,"15":0,"16":0,"17":1,"18":1,"19":0,"20":0,"21":0,"22":0,"23":0,"24":0,"25":0,"26":0,"27":1},"f":{"0":1,"1":0,"2":0,"3":0},"b":{"0":[0,0],"1":[0,0],"2":[0,0]},"_coverageSchema":"1a1c01bbd47fc00a2c39e90264f33305004495a9","hash":"292d95d21af5f1eab3b5015fe7298f005732d279"}
,"C:\\Users\\reidd\\Documents\\GitHub\\RateMyRestroom\\components\\SignIn\\SignIn.js": {"path":"C:\\Users\\reidd\\Documents\\GitHub\\RateMyRestroom\\components\\SignIn\\SignIn.js","statementMap":{"0":{"start":{"line":7,"column":28},"end":{"line":7,"column":40}},"1":{"start":{"line":8,"column":34},"end":{"line":8,"column":46}},"2":{"start":{"line":10,"column":17},"end":{"line":39,"column":4}},"3":{"start":{"line":41,"column":22},"end":{"line":55,"column":3}},"4":{"start":{"line":42,"column":4},"end":{"line":44,"column":5}},"5":{"start":{"line":43,"column":6},"end":{"line":43,"column":46}},"6":{"start":{"line":46,"column":4},"end":{"line":48,"column":5}},"7":{"start":{"line":47,"column":6},"end":{"line":47,"column":49}},"8":{"start":{"line":50,"column":4},"end":{"line":50,"column":28}},"9":{"start":{"line":51,"column":4},"end":{"line":51,"column":35}},"10":{"start":{"line":52,"column":4},"end":{"line":52,"column":17}},"11":{"start":{"line":53,"column":4},"end":{"line":53,"column":20}},"12":{"start":{"line":57,"column":2},"end":{"line":81,"column":4}},"13":{"start":{"line":65,"column":33},"end":{"line":65,"column":48}},"14":{"start":{"line":72,"column":36},"end":{"line":72,"column":57}}},"fnMap":{"0":{"name":"SignIn","decl":{"start":{"line":6,"column":24},"end":{"line":6,"column":30}},"loc":{"start":{"line":6,"column":45},"end":{"line":82,"column":1}},"line":6},"1":{"name":"(anonymous_1)","decl":{"start":{"line":41,"column":22},"end":{"line":41,"column":23}},"loc":{"start":{"line":41,"column":28},"end":{"line":55,"column":3}},"line":41},"2":{"name":"(anonymous_2)","decl":{"start":{"line":65,"column":22},"end":{"line":65,"column":23}},"loc":{"start":{"line":65,"column":33},"end":{"line":65,"column":48}},"line":65},"3":{"name":"(anonymous_3)","decl":{"start":{"line":72,"column":22},"end":{"line":72,"column":23}},"loc":{"start":{"line":72,"column":36},"end":{"line":72,"column":57}},"line":72}},"branchMap":{"0":{"loc":{"start":{"line":42,"column":4},"end":{"line":44,"column":5}},"type":"if","locations":[{"start":{"line":42,"column":4},"end":{"line":44,"column":5}},{"start":{},"end":{}}],"line":42},"1":{"loc":{"start":{"line":46,"column":4},"end":{"line":48,"column":5}},"type":"if","locations":[{"start":{"line":46,"column":4},"end":{"line":48,"column":5}},{"start":{},"end":{}}],"line":46}},"s":{"0":1,"1":1,"2":1,"3":1,"4":0,"5":0,"6":0,"7":0,"8":0,"9":0,"10":0,"11":0,"12":1,"13":0,"14":0},"f":{"0":1,"1":0,"2":0,"3":0},"b":{"0":[0,0],"1":[0,0]},"_coverageSchema":"1a1c01bbd47fc00a2c39e90264f33305004495a9","hash":"736e23a3bfcd3cd28224b529778a5ad44a221740"}
,"C:\\Users\\reidd\\Documents\\GitHub\\RateMyRestroom\\components\\SignUp\\SignUp.js": {"path":"C:\\Users\\reidd\\Documents\\GitHub\\RateMyRestroom\\components\\SignUp\\SignUp.js","statementMap":{"0":{"start":{"line":7,"column":36},"end":{"line":7,"column":48}},"1":{"start":{"line":8,"column":34},"end":{"line":8,"column":46}},"2":{"start":{"line":9,"column":28},"end":{"line":9,"column":40}},"3":{"start":{"line":10,"column":34},"end":{"line":10,"column":46}},"4":{"start":{"line":11,"column":48},"end":{"line":11,"column":60}},"5":{"start":{"line":13,"column":21},"end":{"line":19,"column":3}},"6":{"start":{"line":14,"column":4},"end":{"line":14,"column":21}},"7":{"start":{"line":15,"column":4},"end":{"line":15,"column":20}},"8":{"start":{"line":16,"column":4},"end":{"line":16,"column":17}},"9":{"start":{"line":17,"column":4},"end":{"line":17,"column":20}},"10":{"start":{"line":18,"column":4},"end":{"line":18,"column":27}},"11":{"start":{"line":21,"column":17},"end":{"line":47,"column":4}},"12":{"start":{"line":49,"column":22},"end":{"line":71,"column":3}},"13":{"start":{"line":50,"column":4},"end":{"line":70,"column":5}},"14":{"start":{"line":51,"column":6},"end":{"line":51,"column":44}},"15":{"start":{"line":52,"column":11},"end":{"line":70,"column":5}},"16":{"start":{"line":53,"column":6},"end":{"line":53,"column":46}},"17":{"start":{"line":54,"column":11},"end":{"line":70,"column":5}},"18":{"start":{"line":55,"column":6},"end":{"line":55,"column":49}},"19":{"start":{"line":56,"column":11},"end":{"line":70,"column":5}},"20":{"start":{"line":57,"column":6},"end":{"line":57,"column":22}},"21":{"start":{"line":58,"column":6},"end":{"line":58,"column":57}},"22":{"start":{"line":59,"column":11},"end":{"line":70,"column":5}},"23":{"start":{"line":60,"column":6},"end":{"line":60,"column":46}},"24":{"start":{"line":62,"column":6},"end":{"line":67,"column":8}},"25":{"start":{"line":68,"column":6},"end":{"line":68,"column":37}},"26":{"start":{"line":69,"column":6},"end":{"line":69,"column":19}},"27":{"start":{"line":73,"column":2},"end":{"line":126,"column":4}},"28":{"start":{"line":83,"column":34},"end":{"line":83,"column":52}},"29":{"start":{"line":89,"column":34},"end":{"line":89,"column":51}},"30":{"start":{"line":96,"column":35},"end":{"line":96,"column":50}},"31":{"start":{"line":105,"column":38},"end":{"line":105,"column":59}},"32":{"start":{"line":112,"column":39},"end":{"line":112,"column":68}},"33":{"start":{"line":120,"column":65},"end":{"line":120,"column":95}}},"fnMap":{"0":{"name":"SignUp","decl":{"start":{"line":6,"column":24},"end":{"line":6,"column":30}},"loc":{"start":{"line":6,"column":47},"end":{"line":127,"column":1}},"line":6},"1":{"name":"(anonymous_1)","decl":{"start":{"line":13,"column":21},"end":{"line":13,"column":22}},"loc":{"start":{"line":13,"column":27},"end":{"line":19,"column":3}},"line":13},"2":{"name":"(anonymous_2)","decl":{"start":{"line":49,"column":22},"end":{"line":49,"column":23}},"loc":{"start":{"line":49,"column":28},"end":{"line":71,"column":3}},"line":49},"3":{"name":"(anonymous_3)","decl":{"start":{"line":83,"column":24},"end":{"line":83,"column":25}},"loc":{"start":{"line":83,"column":34},"end":{"line":83,"column":52}},"line":83},"4":{"name":"(anonymous_4)","decl":{"start":{"line":89,"column":24},"end":{"line":89,"column":25}},"loc":{"start":{"line":89,"column":34},"end":{"line":89,"column":51}},"line":89},"5":{"name":"(anonymous_5)","decl":{"start":{"line":96,"column":24},"end":{"line":96,"column":25}},"loc":{"start":{"line":96,"column":35},"end":{"line":96,"column":50}},"line":96},"6":{"name":"(anonymous_6)","decl":{"start":{"line":105,"column":24},"end":{"line":105,"column":25}},"loc":{"start":{"line":105,"column":38},"end":{"line":105,"column":59}},"line":105},"7":{"name":"(anonymous_7)","decl":{"start":{"line":112,"column":24},"end":{"line":112,"column":25}},"loc":{"start":{"line":112,"column":39},"end":{"line":112,"column":68}},"line":112},"8":{"name":"(anonymous_8)","decl":{"start":{"line":120,"column":59},"end":{"line":120,"column":60}},"loc":{"start":{"line":120,"column":65},"end":{"line":120,"column":95}},"line":120}},"branchMap":{"0":{"loc":{"start":{"line":50,"column":4},"end":{"line":70,"column":5}},"type":"if","locations":[{"start":{"line":50,"column":4},"end":{"line":70,"column":5}},{"start":{"line":52,"column":11},"end":{"line":70,"column":5}}],"line":50},"1":{"loc":{"start":{"line":52,"column":11},"end":{"line":70,"column":5}},"type":"if","locations":[{"start":{"line":52,"column":11},"end":{"line":70,"column":5}},{"start":{"line":54,"column":11},"end":{"line":70,"column":5}}],"line":52},"2":{"loc":{"start":{"line":54,"column":11},"end":{"line":70,"column":5}},"type":"if","locations":[{"start":{"line":54,"column":11},"end":{"line":70,"column":5}},{"start":{"line":56,"column":11},"end":{"line":70,"column":5}}],"line":54},"3":{"loc":{"start":{"line":56,"column":11},"end":{"line":70,"column":5}},"type":"if","locations":[{"start":{"line":56,"column":11},"end":{"line":70,"column":5}},{"start":{"line":59,"column":11},"end":{"line":70,"column":5}}],"line":56},"4":{"loc":{"start":{"line":59,"column":11},"end":{"line":70,"column":5}},"type":"if","locations":[{"start":{"line":59,"column":11},"end":{"line":70,"column":5}},{"start":{"line":61,"column":11},"end":{"line":70,"column":5}}],"line":59}},"s":{"0":1,"1":1,"2":1,"3":1,"4":1,"5":1,"6":0,"7":0,"8":0,"9":0,"10":0,"11":1,"12":1,"13":0,"14":0,"15":0,"16":0,"17":0,"18":0,"19":0,"20":0,"21":0,"22":0,"23":0,"24":0,"25":0,"26":0,"27":1,"28":0,"29":0,"30":0,"31":0,"32":0,"33":0},"f":{"0":1,"1":0,"2":0,"3":0,"4":0,"5":0,"6":0,"7":0,"8":0},"b":{"0":[0,0],"1":[0,0],"2":[0,0],"3":[0,0],"4":[0,0]},"_coverageSchema":"1a1c01bbd47fc00a2c39e90264f33305004495a9","hash":"d891751a34177ae9c2639845c497c50e9f059658"}
,"C:\\Users\\reidd\\Documents\\GitHub\\RateMyRestroom\\components\\Welcome\\Welcome.js": {"path":"C:\\Users\\reidd\\Documents\\GitHub\\RateMyRestroom\\components\\Welcome\\Welcome.js","statementMap":{"0":{"start":{"line":7,"column":19},"end":{"line":32,"column":8}},"1":{"start":{"line":34,"column":2},"end":{"line":57,"column":3}},"2":{"start":{"line":40,"column":67},"end":{"line":40,"column":97}},"3":{"start":{"line":44,"column":67},"end":{"line":44,"column":97}}},"fnMap":{"0":{"name":"WelcomeScreen","decl":{"start":{"line":5,"column":24},"end":{"line":5,"column":37}},"loc":{"start":{"line":5,"column":53},"end":{"line":58,"column":1}},"line":5},"1":{"name":"(anonymous_1)","decl":{"start":{"line":40,"column":61},"end":{"line":40,"column":62}},"loc":{"start":{"line":40,"column":67},"end":{"line":40,"column":97}},"line":40},"2":{"name":"(anonymous_2)","decl":{"start":{"line":44,"column":61},"end":{"line":44,"column":62}},"loc":{"start":{"line":44,"column":67},"end":{"line":44,"column":97}},"line":44}},"branchMap":{},"s":{"0":1,"1":1,"2":0,"3":0},"f":{"0":1,"1":0,"2":0},"b":{},"_coverageSchema":"1a1c01bbd47fc00a2c39e90264f33305004495a9","hash":"666b11f9da4f87435b2704fcba9739cf8f5b480a"}
,"C:\\Users\\reidd\\Documents\\GitHub\\RateMyRestroom\\components\\mapview\\Map.js": {"path":"C:\\Users\\reidd\\Documents\\GitHub\\RateMyRestroom\\components\\mapview\\Map.js","statementMap":{"0":{"start":{"line":12,"column":32},"end":{"line":17,"column":6}},"1":{"start":{"line":19,"column":34},"end":{"line":19,"column":49}},"2":{"start":{"line":21,"column":34},"end":{"line":21,"column":46}},"3":{"start":{"line":29,"column":27},"end":{"line":29,"column":46}},"4":{"start":{"line":30,"column":25},"end":{"line":30,"column":44}},"5":{"start":{"line":31,"column":25},"end":{"line":31,"column":27}},"6":{"start":{"line":32,"column":8},"end":{"line":44,"column":9}},"7":{"start":{"line":32,"column":21},"end":{"line":32,"column":22}},"8":{"start":{"line":33,"column":23},"end":{"line":33,"column":87}},"9":{"start":{"line":34,"column":25},"end":{"line":35,"column":80}},"10":{"start":{"line":36,"column":12},"end":{"line":43,"column":14}},"11":{"start":{"line":45,"column":8},"end":{"line":45,"column":30}},"12":{"start":{"line":48,"column":4},"end":{"line":53,"column":6}},"13":{"start":{"line":49,"column":8},"end":{"line":52,"column":9}},"14":{"start":{"line":50,"column":12},"end":{"line":50,"column":32}},"15":{"start":{"line":51,"column":12},"end":{"line":51,"column":28}},"16":{"start":{"line":56,"column":19},"end":{"line":78,"column":6}},"17":{"start":{"line":80,"column":23},"end":{"line":82,"column":5}},"18":{"start":{"line":81,"column":8},"end":{"line":81,"column":39}},"19":{"start":{"line":85,"column":25},"end":{"line":85,"column":75}},"20":{"start":{"line":86,"column":8},"end":{"line":88,"column":9}},"21":{"start":{"line":87,"column":12},"end":{"line":87,"column":18}},"22":{"start":{"line":89,"column":23},"end":{"line":89,"column":63}},"23":{"start":{"line":90,"column":26},"end":{"line":95,"column":9}},"24":{"start":{"line":96,"column":8},"end":{"line":96,"column":28}},"25":{"start":{"line":99,"column":21},"end":{"line":101,"column":5}},"26":{"start":{"line":100,"column":8},"end":{"line":100,"column":32}},"27":{"start":{"line":103,"column":26},"end":{"line":105,"column":5}},"28":{"start":{"line":104,"column":8},"end":{"line":104,"column":34}},"29":{"start":{"line":109,"column":4},"end":{"line":145,"column":6}},"30":{"start":{"line":119,"column":20},"end":{"line":126,"column":22}}},"fnMap":{"0":{"name":"Map","decl":{"start":{"line":10,"column":24},"end":{"line":10,"column":27}},"loc":{"start":{"line":10,"column":44},"end":{"line":147,"column":1}},"line":10},"1":{"name":"fetchAndSetMarkers","decl":{"start":{"line":28,"column":20},"end":{"line":28,"column":38}},"loc":{"start":{"line":28,"column":41},"end":{"line":46,"column":5}},"line":28},"2":{"name":"(anonymous_2)","decl":{"start":{"line":48,"column":14},"end":{"line":48,"column":15}},"loc":{"start":{"line":48,"column":20},"end":{"line":53,"column":5}},"line":48},"3":{"name":"(anonymous_3)","decl":{"start":{"line":80,"column":23},"end":{"line":80,"column":24}},"loc":{"start":{"line":80,"column":29},"end":{"line":82,"column":5}},"line":80},"4":{"name":"getUserLocation","decl":{"start":{"line":84,"column":19},"end":{"line":84,"column":34}},"loc":{"start":{"line":84,"column":37},"end":{"line":97,"column":5}},"line":84},"5":{"name":"(anonymous_5)","decl":{"start":{"line":99,"column":21},"end":{"line":99,"column":22}},"loc":{"start":{"line":99,"column":33},"end":{"line":101,"column":5}},"line":99},"6":{"name":"(anonymous_6)","decl":{"start":{"line":103,"column":26},"end":{"line":103,"column":27}},"loc":{"start":{"line":103,"column":38},"end":{"line":105,"column":5}},"line":103},"7":{"name":"(anonymous_7)","decl":{"start":{"line":118,"column":29},"end":{"line":118,"column":30}},"loc":{"start":{"line":118,"column":49},"end":{"line":127,"column":17}},"line":118}},"branchMap":{"0":{"loc":{"start":{"line":34,"column":25},"end":{"line":35,"column":80}},"type":"cond-expr","locations":[{"start":{"line":34,"column":44},"end":{"line":34,"column":128}},{"start":{"line":35,"column":12},"end":{"line":35,"column":80}}],"line":34},"1":{"loc":{"start":{"line":49,"column":8},"end":{"line":52,"column":9}},"type":"if","locations":[{"start":{"line":49,"column":8},"end":{"line":52,"column":9}},{"start":{},"end":{}}],"line":49},"2":{"loc":{"start":{"line":86,"column":8},"end":{"line":88,"column":9}},"type":"if","locations":[{"start":{"line":86,"column":8},"end":{"line":88,"column":9}},{"start":{},"end":{}}],"line":86}},"s":{"0":1,"1":1,"2":1,"3":0,"4":0,"5":0,"6":0,"7":0,"8":0,"9":0,"10":0,"11":0,"12":1,"13":0,"14":0,"15":0,"16":1,"17":1,"18":0,"19":0,"20":0,"21":0,"22":0,"23":0,"24":0,"25":1,"26":0,"27":1,"28":0,"29":1,"30":0},"f":{"0":1,"1":0,"2":0,"3":0,"4":0,"5":0,"6":0,"7":0},"b":{"0":[0,0],"1":[0,0],"2":[0,0]},"_coverageSchema":"1a1c01bbd47fc00a2c39e90264f33305004495a9","hash":"e22cc0ac8f18622c6870c4343502015571ddd0f1"}
,"C:\\Users\\reidd\\Documents\\GitHub\\RateMyRestroom\\config\\keys.js": {"path":"C:\\Users\\reidd\\Documents\\GitHub\\RateMyRestroom\\config\\keys.js","statementMap":{},"fnMap":{},"branchMap":{},"s":{},"f":{},"b":{},"_coverageSchema":"1a1c01bbd47fc00a2c39e90264f33305004495a9","hash":"1caa0625dd49edf9b7eca581bd49dc79b8a9d009"}
}
